d:\python\trae开发\直达solo\直达\obj\release\x64\vc143.pdb
c:\$recycle.bin\s-1-5-21-839637897-980427141-3779962673-1001\$ifc0y6g
c:\$recycle.bin\s-1-5-21-839637897-980427141-3779962673-1001\$i6jnt7d
c:\$recycle.bin\s-1-5-21-839637897-980427141-3779962673-1001\$iqyxgzp
c:\$recycle.bin\s-1-5-21-839637897-980427141-3779962673-1001\$ihwj98b
d:\python\trae开发\直达solo\直达\obj\release\x64\analytics.obj
c:\$recycle.bin\s-1-5-21-839637897-980427141-3779962673-1001\$i3ssa9e
c:\$recycle.bin\s-1-5-21-839637897-980427141-3779962673-1001\$ib2qedp
c:\$recycle.bin\s-1-5-21-839637897-980427141-3779962673-1001\$i9125hl
c:\$recycle.bin\s-1-5-21-839637897-980427141-3779962673-1001\$is3acpz
c:\$recycle.bin\s-1-5-21-839637897-980427141-3779962673-1001\$iozrryc
d:\python\trae开发\直达solo\直达\obj\release\x64\config.obj
c:\$recycle.bin\s-1-5-21-839637897-980427141-3779962673-1001\$igm616i
c:\$recycle.bin\s-1-5-21-839637897-980427141-3779962673-1001\$i1or9u9
c:\$recycle.bin\s-1-5-21-839637897-980427141-3779962673-1001\$izfccm0
c:\$recycle.bin\s-1-5-21-839637897-980427141-3779962673-1001\$izaln29
c:\$recycle.bin\s-1-5-21-839637897-980427141-3779962673-1001\$isczl3v
d:\python\trae开发\直达solo\直达\obj\release\x64\mainwindow.obj
c:\$recycle.bin\s-1-5-21-839637897-980427141-3779962673-1001\$ih1gg94
c:\$recycle.bin\s-1-5-21-839637897-980427141-3779962673-1001\$i5larhr
c:\$recycle.bin\s-1-5-21-839637897-980427141-3779962673-1001\$iocu3e4
c:\$recycle.bin\s-1-5-21-839637897-980427141-3779962673-1001\$i75eczm
c:\$recycle.bin\s-1-5-21-839637897-980427141-3779962673-1001\$ifobibx
d:\python\trae开发\直达solo\直达\obj\release\x64\main.obj
c:\$recycle.bin\s-1-5-21-839637897-980427141-3779962673-1001\$i41twrw
c:\$recycle.bin\s-1-5-21-839637897-980427141-3779962673-1001\$ihn7zx0
c:\$recycle.bin\s-1-5-21-839637897-980427141-3779962673-1001\$isf58qc
c:\$recycle.bin\s-1-5-21-839637897-980427141-3779962673-1001\$iq90eaq
c:\$recycle.bin\s-1-5-21-839637897-980427141-3779962673-1001\$ipk2020
d:\python\trae开发\直达solo\直达\bin\release\x64\直达.exe
d:\python\trae开发\直达solo\直达\obj\release\x64\直达.ipdb
d:\python\trae开发\直达solo\直达\obj\release\x64\直达.iobj
c:\$recycle.bin\s-1-5-21-839637897-980427141-3779962673-1001\$i15fkvy.tmp
c:\$recycle.bin\s-1-5-21-839637897-980427141-3779962673-1001\$ilnuplo.tmp
c:\$recycle.bin\s-1-5-21-839637897-980427141-3779962673-1001\$i095reu.tmp
c:\$recycle.bin\s-1-5-21-839637897-980427141-3779962673-1001\$i27r1wn.tmp
c:\$recycle.bin\s-1-5-21-839637897-980427141-3779962673-1001\$ihcrdxz.tmp
c:\$recycle.bin\s-1-5-21-839637897-980427141-3779962673-1001\$ivfo0p8
c:\$recycle.bin\s-1-5-21-839637897-980427141-3779962673-1001\$ivgfwih
d:\python\trae开发\直达solo\直达\bin\release\x64\直达.pdb
d:\python\trae开发\直达solo\直达\obj\release\x64\直达.res
d:\$recycle.bin\s-1-5-21-839637897-980427141-3779962673-1001\$igikqzi
d:\$recycle.bin\s-1-5-21-839637897-980427141-3779962673-1001\$i6ufcsc
d:\python\trae开发\直达solo\直达\obj\release\x64\直达.vcxproj.filelistabsolute.txt
d:\python\trae开发\直达solo\直达\obj\release\x64\直达.tlog\cl.command.1.tlog
d:\python\trae开发\直达solo\直达\obj\release\x64\直达.tlog\cl.items.tlog
d:\python\trae开发\直达solo\直达\obj\release\x64\直达.tlog\cl.read.1.tlog
d:\python\trae开发\直达solo\直达\obj\release\x64\直达.tlog\cl.write.1.tlog
d:\python\trae开发\直达solo\直达\obj\release\x64\直达.tlog\link.command.1.tlog
d:\python\trae开发\直达solo\直达\obj\release\x64\直达.tlog\link.read.1.tlog
d:\python\trae开发\直达solo\直达\obj\release\x64\直达.tlog\link.write.1.tlog
d:\python\trae开发\直达solo\直达\obj\release\x64\直达.tlog\rc.command.1.tlog
d:\python\trae开发\直达solo\直达\obj\release\x64\直达.tlog\rc.read.1.tlog
d:\python\trae开发\直达solo\直达\obj\release\x64\直达.tlog\rc.write.1.tlog
